#
# There is insufficient memory for the Java Runtime Environment to continue.
# Native memory allocation (malloc) failed to allocate 1073856 bytes for Chunk::new
# Possible reasons:
#   The system is out of physical RAM or swap space
#   In 32 bit mode, the process size limit was hit
# Possible solutions:
#   Reduce memory load on the system
#   Increase physical memory or swap space
#   Check if swap backing store is full
#   Use 64 bit Java on a 64 bit OS
#   Decrease Java heap size (-Xmx/-Xms)
#   Decrease number of Java threads
#   Decrease Java thread stack sizes (-Xss)
#   Set larger code cache with -XX:ReservedCodeCacheSize=
# This output file may be truncated or incomplete.
#
#  Out of Memory Error (allocation.cpp:323), pid=1328, tid=7648
#
# JRE version: Java(TM) SE Runtime Environment (7.0_79-b15) (build 1.7.0_79-b15)
# Java VM: Java HotSpot(TM) 64-Bit Server VM (24.79-b02 mixed mode windows-amd64 compressed oops)
# Failed to write core dump. Minidumps are not enabled by default on client versions of Windows
#

---------------  T H R E A D  ---------------

Current thread (0x000000000827f000):  JavaThread "C2 CompilerThread0" daemon [_thread_in_native, id=7648, stack(0x00000000097f0000,0x00000000098f0000)]

Stack: [0x00000000097f0000,0x00000000098f0000]
[error occurred during error reporting (printing stack bounds), id 0xc0000005]


Current CompileTask:
C2:  13110  637   !         com.android.dx.cf.code.RopperMachine::run (1550 bytes)


---------------  P R O C E S S  ---------------

Java Threads: ( => current thread )
  0x0000000009e7a800 JavaThread "pool-1-thread-4" [_thread_blocked, id=8692, stack(0x000000000a400000,0x000000000a500000)]
  0x0000000009dbb800 JavaThread "pool-1-thread-3" [_thread_blocked, id=12996, stack(0x000000000a300000,0x000000000a400000)]
  0x0000000009dba800 JavaThread "pool-1-thread-2" [_thread_blocked, id=13060, stack(0x000000000a200000,0x000000000a300000)]
  0x0000000009db8000 JavaThread "pool-2-thread-1" [_thread_blocked, id=5668, stack(0x000000000a100000,0x000000000a200000)]
  0x0000000009e07000 JavaThread "pool-1-thread-1" [_thread_in_Java, id=10548, stack(0x000000000a000000,0x000000000a100000)]
  0x000000000828f000 JavaThread "Service Thread" daemon [_thread_blocked, id=7888, stack(0x00000000099f0000,0x0000000009af0000)]
  0x0000000008289000 JavaThread "C2 CompilerThread1" daemon [_thread_in_native, id=12368, stack(0x00000000098f0000,0x00000000099f0000)]
=>0x000000000827f000 JavaThread "C2 CompilerThread0" daemon [_thread_in_native, id=7648, stack(0x00000000097f0000,0x00000000098f0000)]
  0x000000000827e000 JavaThread "Attach Listener" daemon [_thread_blocked, id=6848, stack(0x00000000096f0000,0x00000000097f0000)]
  0x000000000827b000 JavaThread "Signal Dispatcher" daemon [_thread_blocked, id=5836, stack(0x00000000095f0000,0x00000000096f0000)]
  0x000000000822f000 JavaThread "Finalizer" daemon [_thread_blocked, id=2572, stack(0x00000000094f0000,0x00000000095f0000)]
  0x0000000008226000 JavaThread "Reference Handler" daemon [_thread_blocked, id=13116, stack(0x00000000093f0000,0x00000000094f0000)]
  0x0000000002342800 JavaThread "main" [_thread_in_native, id=6360, stack(0x0000000002220000,0x0000000002320000)]

Other Threads:
  0x0000000008222000 VMThread [stack: 0x00000000092f0000,0x00000000093f0000] [id=8548]
  0x000000000829d800 WatcherThread [stack: 0x0000000009af0000,0x0000000009bf0000] [id=8432]

VM state:not at safepoint (normal execution)

VM Mutex/Monitor currently owned by a thread: None

Heap
 PSYoungGen      total 68096K, used 52738K [0x00000000eaa80000, 0x00000000eef80000, 0x0000000100000000)
  eden space 65536K, 80% used [0x00000000eaa80000,0x00000000ede00a28,0x00000000eea80000)
  from space 2560K, 0% used [0x00000000eea80000,0x00000000eea80000,0x00000000eed00000)
  to   space 2560K, 0% used [0x00000000eed00000,0x00000000eed00000,0x00000000eef80000)
 ParOldGen       total 73728K, used 62875K [0x00000000c0000000, 0x00000000c4800000, 0x00000000eaa80000)
  object space 73728K, 85% used [0x00000000c0000000,0x00000000c3d66f68,0x00000000c4800000)
 PSPermGen       total 21504K, used 6161K [0x00000000bae00000, 0x00000000bc300000, 0x00000000c0000000)
  object space 21504K, 28% used [0x00000000bae00000,0x00000000bb404760,0x00000000bc300000)

Card table byte_map: [0x0000000005440000,0x0000000005670000] byte_map_base: 0x0000000004e69000

Polling page: 0x00000000006b0000

Code Cache  [0x0000000002440000, 0x0000000002710000, 0x0000000005440000)
 total_blobs=915 nmethods=676 adapters=191 free_code_cache=46626Kb largest_free_block=47445888

Compilation events (10 events):
Event: 11.288 Thread 0x0000000008289000 nmethod 632 0x00000000024fbe10 code [0x00000000024fbfa0, 0x00000000024fc698]
Event: 11.288 Thread 0x0000000008289000  633             com.android.dx.ssa.RegisterMapper::<init> (5 bytes)
Event: 11.288 Thread 0x0000000008289000 nmethod 633 0x00000000025aaf50 code [0x00000000025ab080, 0x00000000025ab0d8]
Event: 11.302 Thread 0x0000000008289000  634   !         com.android.dx.cf.code.BytecodeArray::parseInstruction (2764 bytes)
Event: 11.331 Thread 0x000000000827f000 nmethod 631 0x00000000026c8950 code [0x00000000026c8b60, 0x00000000026c9fa8]
Event: 11.331 Thread 0x000000000827f000  635             com.android.dx.rop.cst.CstNat::getDescriptor (5 bytes)
Event: 11.331 Thread 0x000000000827f000 nmethod 635 0x00000000025aac90 code [0x00000000025aadc0, 0x00000000025aae18]
Event: 11.344 Thread 0x000000000827f000  636             com.android.dx.rop.cst.CstNat::isInstanceInit (13 bytes)
Event: 11.345 Thread 0x000000000827f000 nmethod 636 0x0000000002545290 code [0x00000000025453e0, 0x0000000002545538]
Event: 11.345 Thread 0x000000000827f000  637   !         com.android.dx.cf.code.RopperMachine::run (1550 bytes)

GC Heap History (10 events):
Event: 6.598 GC heap before
{Heap before GC invocations=3 (full 0):
 PSYoungGen      total 35328K, used 35316K [0x00000000eaa80000, 0x00000000ecf80000, 0x0000000100000000)
  eden space 32768K, 100% used [0x00000000eaa80000,0x00000000eca80000,0x00000000eca80000)
  from space 2560K, 99% used [0x00000000ecd00000,0x00000000ecf7d160,0x00000000ecf80000)
  to   space 2560K, 0% used [0x00000000eca80000,0x00000000eca80000,0x00000000ecd00000)
 ParOldGen       total 41984K, used 2552K [0x00000000c0000000, 0x00000000c2900000, 0x00000000eaa80000)
  object space 41984K, 6% used [0x00000000c0000000,0x00000000c027e380,0x00000000c2900000)
 PSPermGen       total 21504K, used 5959K [0x00000000bae00000, 0x00000000bc300000, 0x00000000c0000000)
  object space 21504K, 27% used [0x00000000bae00000,0x00000000bb3d1f30,0x00000000bc300000)
Event: 6.693 GC heap after
Heap after GC invocations=3 (full 0):
 PSYoungGen      total 35328K, used 2550K [0x00000000eaa80000, 0x00000000eef80000, 0x0000000100000000)
  eden space 32768K, 0% used [0x00000000eaa80000,0x00000000eaa80000,0x00000000eca80000)
  from space 2560K, 99% used [0x00000000eca80000,0x00000000eccfd8d8,0x00000000ecd00000)
  to   space 2560K, 0% used [0x00000000eed00000,0x00000000eed00000,0x00000000eef80000)
 ParOldGen       total 41984K, used 8245K [0x00000000c0000000, 0x00000000c2900000, 0x00000000eaa80000)
  object space 41984K, 19% used [0x00000000c0000000,0x00000000c080d648,0x00000000c2900000)
 PSPermGen       total 21504K, used 5959K [0x00000000bae00000, 0x00000000bc300000, 0x00000000c0000000)
  object space 21504K, 27% used [0x00000000bae00000,0x00000000bb3d1f30,0x00000000bc300000)
}
Event: 8.267 GC heap before
{Heap before GC invocations=4 (full 0):
 PSYoungGen      total 35328K, used 35318K [0x00000000eaa80000, 0x00000000eef80000, 0x0000000100000000)
  eden space 32768K, 100% used [0x00000000eaa80000,0x00000000eca80000,0x00000000eca80000)
  from space 2560K, 99% used [0x00000000eca80000,0x00000000eccfd8d8,0x00000000ecd00000)
  to   space 2560K, 0% used [0x00000000eed00000,0x00000000eed00000,0x00000000eef80000)
 ParOldGen       total 41984K, used 8245K [0x00000000c0000000, 0x00000000c2900000, 0x00000000eaa80000)
  object space 41984K, 19% used [0x00000000c0000000,0x00000000c080d648,0x00000000c2900000)
 PSPermGen       total 21504K, used 5999K [0x00000000bae00000, 0x00000000bc300000, 0x00000000c0000000)
  object space 21504K, 27% used [0x00000000bae00000,0x00000000bb3dbd98,0x00000000bc300000)
Event: 8.285 GC heap after
Heap after GC invocations=4 (full 0):
 PSYoungGen      total 68096K, used 2550K [0x00000000eaa80000, 0x00000000eef80000, 0x0000000100000000)
  eden space 65536K, 0% used [0x00000000eaa80000,0x00000000eaa80000,0x00000000eea80000)
  from space 2560K, 99% used [0x00000000eed00000,0x00000000eef7d8d8,0x00000000eef80000)
  to   space 2560K, 0% used [0x00000000eea80000,0x00000000eea80000,0x00000000eed00000)
 ParOldGen       total 41984K, used 14591K [0x00000000c0000000, 0x00000000c2900000, 0x00000000eaa80000)
  object space 41984K, 34% used [0x00000000c0000000,0x00000000c0e3fc70,0x00000000c2900000)
 PSPermGen       total 21504K, used 5999K [0x00000000bae00000, 0x00000000bc300000, 0x00000000c0000000)
  object space 21504K, 27% used [0x00000000bae00000,0x00000000bb3dbd98,0x00000000bc300000)
}
Event: 9.560 GC heap before
{Heap before GC invocations=5 (full 0):
 PSYoungGen      total 68096K, used 68086K [0x00000000eaa80000, 0x00000000eef80000, 0x0000000100000000)
  eden space 65536K, 100% used [0x00000000eaa80000,0x00000000eea80000,0x00000000eea80000)
  from space 2560K, 99% used [0x00000000eed00000,0x00000000eef7d8d8,0x00000000eef80000)
  to   space 2560K, 0% used [0x00000000eea80000,0x00000000eea80000,0x00000000eed00000)
 ParOldGen       total 41984K, used 14591K [0x00000000c0000000, 0x00000000c2900000, 0x00000000eaa80000)
  object space 41984K, 34% used [0x00000000c0000000,0x00000000c0e3fc70,0x00000000c2900000)
 PSPermGen       total 21504K, used 6031K [0x00000000bae00000, 0x00000000bc300000, 0x00000000c0000000)
  object space 21504K, 28% used [0x00000000bae00000,0x00000000bb3e3da0,0x00000000bc300000)
Event: 9.585 GC heap after
Heap after GC invocations=5 (full 0):
 PSYoungGen      total 68096K, used 2531K [0x00000000eaa80000, 0x00000000eef80000, 0x0000000100000000)
  eden space 65536K, 0% used [0x00000000eaa80000,0x00000000eaa80000,0x00000000eea80000)
  from space 2560K, 98% used [0x00000000eea80000,0x00000000eecf8f80,0x00000000eed00000)
  to   space 2560K, 0% used [0x00000000eed00000,0x00000000eed00000,0x00000000eef80000)
 ParOldGen       total 41984K, used 25185K [0x00000000c0000000, 0x00000000c2900000, 0x00000000eaa80000)
  object space 41984K, 59% used [0x00000000c0000000,0x00000000c1898438,0x00000000c2900000)
 PSPermGen       total 21504K, used 6031K [0x00000000bae00000, 0x00000000bc300000, 0x00000000c0000000)
  object space 21504K, 28% used [0x00000000bae00000,0x00000000bb3e3da0,0x00000000bc300000)
}
Event: 10.300 GC heap before
{Heap before GC invocations=6 (full 0):
 PSYoungGen      total 68096K, used 68067K [0x00000000eaa80000, 0x00000000eef80000, 0x0000000100000000)
  eden space 65536K, 100% used [0x00000000eaa80000,0x00000000eea80000,0x00000000eea80000)
  from space 2560K, 98% used [0x00000000eea80000,0x00000000eecf8f80,0x00000000eed00000)
  to   space 2560K, 0% used [0x00000000eed00000,0x00000000eed00000,0x00000000eef80000)
 ParOldGen       total 41984K, used 25185K [0x00000000c0000000, 0x00000000c2900000, 0x00000000eaa80000)
  object space 41984K, 59% used [0x00000000c0000000,0x00000000c1898438,0x00000000c2900000)
 PSPermGen       total 21504K, used 6072K [0x00000000bae00000, 0x00000000bc300000, 0x00000000c0000000)
  object space 21504K, 28% used [0x00000000bae00000,0x00000000bb3ee198,0x00000000bc300000)
Event: 10.361 GC heap after
Heap after GC invocations=6 (full 0):
 PSYoungGen      total 68096K, used 2537K [0x00000000eaa80000, 0x00000000eef80000, 0x0000000100000000)
  eden space 65536K, 0% used [0x00000000eaa80000,0x00000000eaa80000,0x00000000eea80000)
  from space 2560K, 99% used [0x00000000eed00000,0x00000000eef7a4b8,0x00000000eef80000)
  to   space 2560K, 0% used [0x00000000eea80000,0x00000000eea80000,0x00000000eed00000)
 ParOldGen       total 41984K, used 36174K [0x00000000c0000000, 0x00000000c2900000, 0x00000000eaa80000)
  object space 41984K, 86% used [0x00000000c0000000,0x00000000c23538f0,0x00000000c2900000)
 PSPermGen       total 21504K, used 6072K [0x00000000bae00000, 0x00000000bc300000, 0x00000000c0000000)
  object space 21504K, 28% used [0x00000000bae00000,0x00000000bb3ee198,0x00000000bc300000)
}
Event: 10.417 GC heap before
{Heap before GC invocations=7 (full 1):
 PSYoungGen      total 68096K, used 2537K [0x00000000eaa80000, 0x00000000eef80000, 0x0000000100000000)
  eden space 65536K, 0% used [0x00000000eaa80000,0x00000000eaa80000,0x00000000eea80000)
  from space 2560K, 99% used [0x00000000eed00000,0x00000000eef7a4b8,0x00000000eef80000)
  to   space 2560K, 0% used [0x00000000eea80000,0x00000000eea80000,0x00000000eed00000)
 ParOldGen       total 41984K, used 36174K [0x00000000c0000000, 0x00000000c2900000, 0x00000000eaa80000)
  object space 41984K, 86% used [0x00000000c0000000,0x00000000c23538f0,0x00000000c2900000)
 PSPermGen       total 21504K, used 6072K [0x00000000bae00000, 0x00000000bc300000, 0x00000000c0000000)
  object space 21504K, 28% used [0x00000000bae00000,0x00000000bb3ee198,0x00000000bc300000)
Event: 11.015 GC heap after
Heap after GC invocations=7 (full 1):
 PSYoungGen      total 68096K, used 0K [0x00000000eaa80000, 0x00000000eef80000, 0x0000000100000000)
  eden space 65536K, 0% used [0x00000000eaa80000,0x00000000eaa80000,0x00000000eea80000)
  from space 2560K, 0% used [0x00000000eed00000,0x00000000eed00000,0x00000000eef80000)
  to   space 2560K, 0% used [0x00000000eea80000,0x00000000eea80000,0x00000000eed00000)
 ParOldGen       total 73728K, used 33840K [0x00000000c0000000, 0x00000000c4800000, 0x00000000eaa80000)
  object space 73728K, 45% used [0x00000000c0000000,0x00000000c210c088,0x00000000c4800000)
 PSPermGen       total 21504K, used 6067K [0x00000000bae00000, 0x00000000bc300000, 0x00000000c0000000)
  object space 21504K, 28% used [0x00000000bae00000,0x00000000bb3ece18,0x00000000bc300000)
}

Deoptimization events (10 events):
Event: 9.772 Thread 0x0000000009dbb800 Uncommon trap: reason=unloaded action=reinterpret pc=0x000000000258d07c method=com.android.dx.ssa.LiteralOpUpgrader$1.visitNonMoveInsn(Lcom/android/dx/ssa/NormalSsaInsn;)V @ 72
Event: 10.110 Thread 0x0000000009e07000 Uncommon trap: reason=class_check action=maybe_recompile pc=0x00000000025f1164 method=com.android.dx.ssa.SCCP.replaceConstants()V @ 127
Event: 10.120 Thread 0x0000000009dba800 Uncommon trap: reason=unreached action=reinterpret pc=0x000000000265d9b0 method=com.android.dx.rop.code.LocalItem.compareHandlesNulls(Lcom/android/dx/rop/cst/CstString;Lcom/android/dx/rop/cst/CstString;)I @ 14
Event: 10.120 Thread 0x0000000009dba800 Uncommon trap: reason=unreached action=reinterpret pc=0x0000000002609708 method=com.android.dx.rop.code.LocalItem.compareHandlesNulls(Lcom/android/dx/rop/cst/CstString;Lcom/android/dx/rop/cst/CstString;)I @ 14
Event: 10.137 Thread 0x0000000009e07000 Uncommon trap: reason=unreached action=reinterpret pc=0x00000000025afa3c method=com.android.dx.rop.code.LocalItem.compareHandlesNulls(Lcom/android/dx/rop/cst/CstString;Lcom/android/dx/rop/cst/CstString;)I @ 14
Event: 11.264 Thread 0x0000000009e7a800 Uncommon trap: reason=bimorphic action=maybe_recompile pc=0x00000000026b1904 method=com.android.dx.cf.code.BytecodeArray.parseInstruction(ILcom/android/dx/cf/code/BytecodeArray$Visitor;)I @ 1161
Event: 11.264 Thread 0x0000000009e7a800 Uncommon trap: reason=bimorphic action=maybe_recompile pc=0x00000000026b1904 method=com.android.dx.cf.code.BytecodeArray.parseInstruction(ILcom/android/dx/cf/code/BytecodeArray$Visitor;)I @ 1161
Event: 11.342 Thread 0x0000000009e07000 Uncommon trap: reason=bimorphic action=maybe_recompile pc=0x0000000002690b0c method=com.android.dx.cf.code.RopperMachine.run(Lcom/android/dx/cf/code/Frame;II)V @ 988
Event: 11.342 Thread 0x0000000009e07000 Uncommon trap: reason=bimorphic action=maybe_recompile pc=0x0000000002690b0c method=com.android.dx.cf.code.RopperMachine.run(Lcom/android/dx/cf/code/Frame;II)V @ 988
Event: 11.421 Thread 0x0000000009dbb800 Uncommon trap: reason=unreached action=reinterpret pc=0x0000000002580a2c method=com.android.dx.ssa.MoveParamCombiner$1.visitNonMoveInsn(Lcom/android/dx/ssa/NormalSsaInsn;)V @ 27

Internal exceptions (10 events):
Event: 3.796 Thread 0x0000000009e07000 Threw 0x00000000eaa8cb38 at C:\re\jdk7u79\2331\hotspot\src\share\vm\prims\jvm.cpp:1304
Event: 4.392 Thread 0x0000000002342800 Implicit null exception at 0x00000000024e616b to 0x00000000024e684d
Event: 5.663 Thread 0x0000000002342800 Implicit null exception at 0x0000000002500bac to 0x0000000002501fb5
Event: 6.447 Thread 0x0000000002342800 Threw 0x00000000ec7ef4d0 at C:\re\jdk7u79\2331\hotspot\src\share\vm\prims\jvm.cpp:1304
Event: 6.457 Thread 0x0000000002342800 Threw 0x00000000ec84b560 at C:\re\jdk7u79\2331\hotspot\src\share\vm\prims\jvm.cpp:1304
Event: 8.153 Thread 0x0000000009e07000 Threw 0x00000000ebee42b8 at C:\re\jdk7u79\2331\hotspot\src\share\vm\prims\jvm.cpp:1304
Event: 10.010 Thread 0x0000000002342800 Threw 0x00000000ec96db70 at C:\re\jdk7u79\2331\hotspot\src\share\vm\prims\jvm.cpp:1304
Event: 10.120 Thread 0x0000000009dba800 Implicit null exception at 0x000000000265d73c to 0x000000000265d99d
Event: 10.120 Thread 0x0000000009dba800 Implicit null exception at 0x00000000026094a8 to 0x00000000026096f5
Event: 10.137 Thread 0x0000000009e07000 Implicit null exception at 0x00000000025af91c to 0x00000000025afa29

Events (10 events):
Event: 11.264 Thread 0x0000000009e7a800 DEOPT UNPACKING pc=0x00000000024775a4 sp=0x000000000a4fed88 mode 2
Event: 11.342 Thread 0x0000000009e07000 Uncommon trap: trap_request=0xffffffc6 fr.pc=0x0000000002690b0c
Event: 11.342 Thread 0x0000000009e07000 DEOPT PACKING pc=0x0000000002690b0c sp=0x000000000a0febd0
Event: 11.342 Thread 0x0000000009e07000 DEOPT UNPACKING pc=0x00000000024775a4 sp=0x000000000a0feb78 mode 2
Event: 11.342 Thread 0x0000000009e07000 Uncommon trap: trap_request=0xffffffc6 fr.pc=0x0000000002690b0c
Event: 11.342 Thread 0x0000000009e07000 DEOPT PACKING pc=0x0000000002690b0c sp=0x000000000a0febd0
Event: 11.342 Thread 0x0000000009e07000 DEOPT UNPACKING pc=0x00000000024775a4 sp=0x000000000a0feb78 mode 2
Event: 11.420 Thread 0x0000000009dbb800 Uncommon trap: trap_request=0xffffffad fr.pc=0x0000000002580a2c
Event: 11.421 Thread 0x0000000009dbb800 DEOPT PACKING pc=0x0000000002580a2c sp=0x000000000a3fed70
Event: 11.421 Thread 0x0000000009dbb800 DEOPT UNPACKING pc=0x00000000024775a4 sp=0x000000000a3fecc8 mode 2


Dynamic libraries:
0x00007ff763ea0000 - 0x00007ff763ed3000 	C:\Program Files\Java\jdk1.7.0_79\bin\java.exe
0x00007ffb7ecd0000 - 0x00007ffb7ee91000 	C:\WINDOWS\SYSTEM32\ntdll.dll
0x00007ffb7ea10000 - 0x00007ffb7eabd000 	C:\WINDOWS\system32\KERNEL32.DLL
0x00007ffb7b5c0000 - 0x00007ffb7b79d000 	C:\WINDOWS\system32\KERNELBASE.dll
0x00007ffb7cb90000 - 0x00007ffb7cc36000 	C:\WINDOWS\system32\ADVAPI32.dll
0x00007ffb7d270000 - 0x00007ffb7d30d000 	C:\WINDOWS\system32\msvcrt.dll
0x00007ffb7cf90000 - 0x00007ffb7cfeb000 	C:\WINDOWS\system32\sechost.dll
0x00007ffb7c370000 - 0x00007ffb7c496000 	C:\WINDOWS\system32\RPCRT4.dll
0x00007ffb7c5f0000 - 0x00007ffb7c73e000 	C:\WINDOWS\system32\USER32.dll
0x00007ffb7c1e0000 - 0x00007ffb7c366000 	C:\WINDOWS\system32\GDI32.dll
0x00007ffb755c0000 - 0x00007ffb75834000 	C:\WINDOWS\WinSxS\amd64_microsoft.windows.common-controls_6595b64144ccf1df_6.0.10240.16384_none_f41f7b285750ef43\COMCTL32.dll
0x00007ffb7cff0000 - 0x00007ffb7d026000 	C:\WINDOWS\system32\IMM32.DLL
0x00007ffb7d040000 - 0x00007ffb7d19c000 	C:\WINDOWS\system32\MSCTF.dll
0x00007ffb7b390000 - 0x00007ffb7b3c1000 	C:\Windows\system32\nvinitx.dll
0x00007ffb7b380000 - 0x00007ffb7b38a000 	C:\WINDOWS\SYSTEM32\VERSION.dll
0x000000000f000000 - 0x000000000f006000 	C:\Program Files\NVIDIA Corporation\CoProcManager\_etoured.dll
0x00007ffb79b50000 - 0x00007ffb79b82000 	C:\Program Files\NVIDIA Corporation\CoProcManager\nvd3d9wrapx.dll
0x00007ffb7c740000 - 0x00007ffb7c905000 	C:\WINDOWS\system32\SETUPAPI.dll
0x00007ffb7b7a0000 - 0x00007ffb7b7e4000 	C:\WINDOWS\system32\CFGMGR32.dll
0x00007ffb79ba0000 - 0x00007ffb79bc2000 	C:\Program Files\NVIDIA Corporation\CoProcManager\nvdxgiwrapx.dll
0x00000000581d0000 - 0x00000000582a2000 	C:\Program Files\Java\jdk1.7.0_79\jre\bin\msvcr100.dll
0x0000000058590000 - 0x0000000058d65000 	C:\Program Files\Java\jdk1.7.0_79\jre\bin\server\jvm.dll
0x00007ffb7bee0000 - 0x00007ffb7bf03000 	C:\WINDOWS\system32\WINMM.dll
0x00007ffb7b520000 - 0x00007ffb7b54c000 	C:\WINDOWS\system32\WINMMBASE.dll
0x00007ffb7b4a0000 - 0x00007ffb7b4c7000 	C:\WINDOWS\system32\DEVOBJ.dll
0x00007ffb7ecc0000 - 0x00007ffb7ecc8000 	C:\WINDOWS\system32\PSAPI.DLL
0x00007ffb76b10000 - 0x00007ffb76b19000 	C:\WINDOWS\SYSTEM32\WSOCK32.dll
0x00007ffb7cc40000 - 0x00007ffb7cca9000 	C:\WINDOWS\system32\WS2_32.dll
0x00007ffb7ea00000 - 0x00007ffb7ea08000 	C:\WINDOWS\system32\NSI.dll
0x0000000059a20000 - 0x0000000059a2f000 	C:\Program Files\Java\jdk1.7.0_79\jre\bin\verify.dll
0x00000000599f0000 - 0x0000000059a18000 	C:\Program Files\Java\jdk1.7.0_79\jre\bin\java.dll
0x00000000599d0000 - 0x00000000599e5000 	C:\Program Files\Java\jdk1.7.0_79\jre\bin\zip.dll
0x00000000599b0000 - 0x00000000599ca000 	C:\Program Files\Java\jdk1.7.0_79\jre\bin\net.dll
0x00007ffb7acc0000 - 0x00007ffb7ad1d000 	C:\WINDOWS\system32\mswsock.dll
0x0000000059990000 - 0x00000000599a1000 	C:\Program Files\Java\jdk1.7.0_79\jre\bin\nio.dll

VM Arguments:
jvm_args: -Djava.awt.headless=true -Xmx1024M -Dfile.encoding=GBK -Duser.country=CN -Duser.language=zh -Duser.variant 
java_command: com.android.dx.command.Main --dex --num-threads=4 --output C:\Users\William.D.King\Documents\GitHub\android-development\code\Homework-9\app\build\intermediates\pre-dexed\debug\com.android.support-support-v4-23.1.1_e4881d69e22175e6271dc28a9b8e9d8876c6b225.jar C:\Users\William.D.King\Documents\GitHub\android-development\code\Homework-9\app\build\intermediates\exploded-aar\com.android.support\support-v4\23.1.1\jars\classes.jar
Launcher Type: SUN_STANDARD

Environment Variables:
PATH=C:\ProgramData\Oracle\Java\javapath;C:\Program Files (x86)\NVIDIA Corporation\PhysX\Common;C:\WINDOWS\system32;C:\WINDOWS;C:\WINDOWS\System32\Wbem;C:\WINDOWS\System32\WindowsPowerShell\v1.0\;C:\Program Files (x86)\Windows Kits\8.1\Windows Performance Toolkit\;C:\Program Files\Microsoft SQL Server\110\Tools\Binn\;C:\Program Files (x86)\Microsoft SDKs\TypeScript\1.0\;C:\Users\William.D.King\AppData\Local\Programs\Python\Python35;C:\Program Files\nodejs\;E:\MATLAB7\bin\win32;C:\Users\William.D.King\AppData\Local\Programs\Python\Launcher\;C:\Ruby21-x64\bin;C:\Users\William.D.King\AppData\Local\.meteor\;C:\Users\William.D.King\AppData\Roaming\npm;H:\Program Files (x86)\Nmap
USERNAME=William.D.King
OS=Windows_NT
PROCESSOR_IDENTIFIER=Intel64 Family 6 Model 58 Stepping 9, GenuineIntel



---------------  S Y S T E M  ---------------

OS: Windows 8.1 , 64 bit Build 9600 

CPU:total 4 (2 cores per cpu, 2 threads per core) family 6 model 58 stepping 9, cmov, cx8, fxsr, mmx, sse, sse2, sse3, ssse3, sse4.1, sse4.2, popcnt, avx, aes, erms, ht, tsc, tscinvbit, tscinv

Memory: 4k page, physical 4057600k(267752k free), swap 8230988k(23592k free)

vm_info: Java HotSpot(TM) 64-Bit Server VM (24.79-b02) for windows-amd64 JRE (1.7.0_79-b15), built on Apr 10 2015 12:36:16 by "java_re" with unknown MS VC++:1600

time: Fri Dec 18 16:38:02 2015
elapsed time: 13 seconds

