#
# There is insufficient memory for the Java Runtime Environment to continue.
# Native memory allocation (malloc) failed to allocate 1048576 bytes for AllocateHeap
# Possible reasons:
#   The system is out of physical RAM or swap space
#   In 32 bit mode, the process size limit was hit
# Possible solutions:
#   Reduce memory load on the system
#   Increase physical memory or swap space
#   Check if swap backing store is full
#   Use 64 bit Java on a 64 bit OS
#   Decrease Java heap size (-Xmx/-Xms)
#   Decrease number of Java threads
#   Decrease Java thread stack sizes (-Xss)
#   Set larger code cache with -XX:ReservedCodeCacheSize=
# This output file may be truncated or incomplete.
#
#  Out of Memory Error (memory/allocation.inline.hpp:61), pid=8900, tid=4872
#
# JRE version:  (7.0_79-b15) (build )
# Java VM: Java HotSpot(TM) 64-Bit Server VM (24.79-b02 mixed mode windows-amd64 compressed oops)
# Failed to write core dump. Minidumps are not enabled by default on client versions of Windows
#

---------------  T H R E A D  ---------------

Current thread (0x00000000024f2800):  JavaThread "Unknown thread" [_thread_in_vm, id=4872, stack(0x00000000023f0000,0x00000000024f0000)]

Stack: [0x00000000023f0000,0x00000000024f0000]
[error occurred during error reporting (printing stack bounds), id 0xc0000005]


---------------  P R O C E S S  ---------------

Java Threads: ( => current thread )

Other Threads:

=>0x00000000024f2800 (exited) JavaThread "Unknown thread" [_thread_in_vm, id=4872, stack(0x00000000023f0000,0x00000000024f0000)]

VM state:not at safepoint (normal execution)

VM Mutex/Monitor currently owned by a thread: None

Heap
 PSYoungGen      total 18944K, used 327K [0x00000000eaa80000, 0x00000000ebf80000, 0x0000000100000000)
  eden space 16384K, 2% used [0x00000000eaa80000,0x00000000eaad1f10,0x00000000eba80000)
  from space 2560K, 0% used [0x00000000ebd00000,0x00000000ebd00000,0x00000000ebf80000)
  to   space 2560K, 0% used [0x00000000eba80000,0x00000000eba80000,0x00000000ebd00000)
 ParOldGen       total 41984K, used 0K [0x00000000c0000000, 0x00000000c2900000, 0x00000000eaa80000)
  object space 41984K, 0% used [0x00000000c0000000,0x00000000c0000000,0x00000000c2900000)
 PSPermGen       total 21504K, used 697K [0x00000000bae00000, 0x00000000bc300000, 0x00000000c0000000)
  object space 21504K, 3% used [0x00000000bae00000,0x00000000baeae588,0x00000000bc300000)

Card table byte_map: [0x00000000056b0000,0x00000000058e0000] byte_map_base: 0x00000000050d9000

Polling page: 0x00000000008d0000

Code Cache  [0x00000000025f0000, 0x0000000002860000, 0x00000000055f0000)
 total_blobs=38 nmethods=0 adapters=20 free_code_cache=48889Kb largest_free_block=50062528

Compilation events (0 events):
No events

GC Heap History (0 events):
No events

Deoptimization events (0 events):
No events

Internal exceptions (0 events):
No events

Events (10 events):
Event: 0.300 loading class 0x0000000002537180
Event: 0.301 loading class 0x0000000002537180 done
Event: 0.301 loading class 0x00000000025371d0
Event: 0.301 loading class 0x00000000025371d0 done
Event: 0.301 loading class 0x0000000002537220
Event: 0.301 loading class 0x0000000002537220 done
Event: 0.308 loading class 0x0000000002537fa0
Event: 0.308 loading class 0x0000000002537fa0 done
Event: 0.308 loading class 0x0000000002537bc0
Event: 0.308 loading class 0x0000000002537bc0 done


Dynamic libraries:
0x00007ff763ea0000 - 0x00007ff763ed3000 	C:\Program Files\Java\jdk1.7.0_79\bin\java.exe
0x00007ffb7ecd0000 - 0x00007ffb7ee91000 	C:\WINDOWS\SYSTEM32\ntdll.dll
0x00007ffb7ea10000 - 0x00007ffb7eabd000 	C:\WINDOWS\system32\KERNEL32.DLL
0x00007ffb7b5c0000 - 0x00007ffb7b79d000 	C:\WINDOWS\system32\KERNELBASE.dll
0x00007ffb7cb90000 - 0x00007ffb7cc36000 	C:\WINDOWS\system32\ADVAPI32.dll
0x00007ffb7d270000 - 0x00007ffb7d30d000 	C:\WINDOWS\system32\msvcrt.dll
0x00007ffb7cf90000 - 0x00007ffb7cfeb000 	C:\WINDOWS\system32\sechost.dll
0x00007ffb7c370000 - 0x00007ffb7c496000 	C:\WINDOWS\system32\RPCRT4.dll
0x00007ffb7c5f0000 - 0x00007ffb7c73e000 	C:\WINDOWS\system32\USER32.dll
0x00007ffb7c1e0000 - 0x00007ffb7c366000 	C:\WINDOWS\system32\GDI32.dll
0x00007ffb755c0000 - 0x00007ffb75834000 	C:\WINDOWS\WinSxS\amd64_microsoft.windows.common-controls_6595b64144ccf1df_6.0.10240.16384_none_f41f7b285750ef43\COMCTL32.dll
0x00007ffb7cff0000 - 0x00007ffb7d026000 	C:\WINDOWS\system32\IMM32.DLL
0x00007ffb7d040000 - 0x00007ffb7d19c000 	C:\WINDOWS\system32\MSCTF.dll
0x00007ffb7b390000 - 0x00007ffb7b3c1000 	C:\Windows\system32\nvinitx.dll
0x00007ffb7b380000 - 0x00007ffb7b38a000 	C:\WINDOWS\SYSTEM32\VERSION.dll
0x000000000f000000 - 0x000000000f006000 	C:\Program Files\NVIDIA Corporation\CoProcManager\_etoured.dll
0x00007ffb79b50000 - 0x00007ffb79b82000 	C:\Program Files\NVIDIA Corporation\CoProcManager\nvd3d9wrapx.dll
0x00007ffb7c740000 - 0x00007ffb7c905000 	C:\WINDOWS\system32\SETUPAPI.dll
0x00007ffb7b7a0000 - 0x00007ffb7b7e4000 	C:\WINDOWS\system32\CFGMGR32.dll
0x00007ffb79ba0000 - 0x00007ffb79bc2000 	C:\Program Files\NVIDIA Corporation\CoProcManager\nvdxgiwrapx.dll
0x00000000581d0000 - 0x00000000582a2000 	C:\Program Files\Java\jdk1.7.0_79\jre\bin\msvcr100.dll
0x0000000058590000 - 0x0000000058d65000 	C:\Program Files\Java\jdk1.7.0_79\jre\bin\server\jvm.dll
0x00007ffb7bee0000 - 0x00007ffb7bf03000 	C:\WINDOWS\system32\WINMM.dll
0x00007ffb7b520000 - 0x00007ffb7b54c000 	C:\WINDOWS\system32\WINMMBASE.dll
0x00007ffb7b4a0000 - 0x00007ffb7b4c7000 	C:\WINDOWS\system32\DEVOBJ.dll
0x00007ffb7ecc0000 - 0x00007ffb7ecc8000 	C:\WINDOWS\system32\PSAPI.DLL
0x00007ffb76b10000 - 0x00007ffb76b19000 	C:\WINDOWS\SYSTEM32\WSOCK32.dll
0x00007ffb7cc40000 - 0x00007ffb7cca9000 	C:\WINDOWS\system32\WS2_32.dll
0x00007ffb7ea00000 - 0x00007ffb7ea08000 	C:\WINDOWS\system32\NSI.dll
0x0000000059a20000 - 0x0000000059a2f000 	C:\Program Files\Java\jdk1.7.0_79\jre\bin\verify.dll
0x00000000599f0000 - 0x0000000059a18000 	C:\Program Files\Java\jdk1.7.0_79\jre\bin\java.dll
0x00000000599d0000 - 0x00000000599e5000 	C:\Program Files\Java\jdk1.7.0_79\jre\bin\zip.dll

VM Arguments:
jvm_args: -Djava.awt.headless=true -Xmx1024M -Dfile.encoding=GBK -Duser.country=CN -Duser.language=zh -Duser.variant 
java_command: com.android.dx.command.Main --dex --num-threads=4 --output C:\Users\William.D.King\Documents\GitHub\android-development\code\Homework-9\app\build\intermediates\pre-dexed\debug\com.android.support-support-v4-23.1.1_e4881d69e22175e6271dc28a9b8e9d8876c6b225.jar C:\Users\William.D.King\Documents\GitHub\android-development\code\Homework-9\app\build\intermediates\exploded-aar\com.android.support\support-v4\23.1.1\jars\classes.jar
Launcher Type: SUN_STANDARD

Environment Variables:
PATH=C:\ProgramData\Oracle\Java\javapath;C:\Program Files (x86)\NVIDIA Corporation\PhysX\Common;C:\WINDOWS\system32;C:\WINDOWS;C:\WINDOWS\System32\Wbem;C:\WINDOWS\System32\WindowsPowerShell\v1.0\;C:\Program Files (x86)\Windows Kits\8.1\Windows Performance Toolkit\;C:\Program Files\Microsoft SQL Server\110\Tools\Binn\;C:\Program Files (x86)\Microsoft SDKs\TypeScript\1.0\;C:\Users\William.D.King\AppData\Local\Programs\Python\Python35;C:\Program Files\nodejs\;E:\MATLAB7\bin\win32;C:\Users\William.D.King\AppData\Local\Programs\Python\Launcher\;C:\Ruby21-x64\bin;C:\Users\William.D.King\AppData\Local\.meteor\;C:\Users\William.D.King\AppData\Roaming\npm;H:\Program Files (x86)\Nmap
USERNAME=William.D.King
OS=Windows_NT
PROCESSOR_IDENTIFIER=Intel64 Family 6 Model 58 Stepping 9, GenuineIntel



---------------  S Y S T E M  ---------------

OS: Windows 8.1 , 64 bit Build 9600 

CPU:total 4 (2 cores per cpu, 2 threads per core) family 6 model 58 stepping 9, cmov, cx8, fxsr, mmx, sse, sse2, sse3, ssse3, sse4.1, sse4.2, popcnt, avx, aes, erms, ht, tsc, tscinvbit, tscinv

Memory: 4k page, physical 4057600k(247656k free), swap 8210332k(13168k free)

vm_info: Java HotSpot(TM) 64-Bit Server VM (24.79-b02) for windows-amd64 JRE (1.7.0_79-b15), built on Apr 10 2015 12:36:16 by "java_re" with unknown MS VC++:1600

time: Fri Dec 18 16:36:22 2015
elapsed time: 2 seconds

